# JRE version: Java(TM) SE Runtime Environment (17.0.11+7) (build 17.0.11+7-LTS-207)
# Java VM: Java HotSpot(TM) 64-Bit Server VM (17.0.11+7-LTS-207, mixed mode, sharing, tiered, compressed oops, compressed class ptrs, g1 gc, linux-amd64)
GC Precious Log:
 CPUs: 12 total, 12 available
 Memory: 15769M
 Large Page Support: Disabled
 NUMA Support: Disabled
 Compressed Oops: Enabled (Zero based)
 Heap Region Size: 2M
 Heap Min Capacity: 8M
 Heap Initial Capacity: 248M
 Heap Max Capacity: 3944M
 Pre-touch: Disabled
 Parallel Workers: 10
 Concurrent Workers: 3
 Concurrent Refinement Workers: 10
 Periodic GC: Disabled
Heap:
 garbage-first heap   total 145408K, used 16824K [0x0000000709800000, 0x0000000800000000)
  region size 2048K, 4 young (8192K), 1 survivors (2048K)
 Metaspace       used 19711K, committed 19968K, reserved 1114112K
  class space    used 2175K, committed 2304K, reserved 1048576K
GC Heap History (20 events):
Event: 0.115 GC heap before
{Heap before GC invocations=1 (full 1):
 garbage-first heap   total 28672K, used 9050K [0x0000000709800000, 0x0000000800000000)
  region size 2048K, 3 young (6144K), 0 survivors (0K)
 Metaspace       used 2015K, committed 2176K, reserved 1114112K
  class space    used 185K, committed 256K, reserved 1048576K
}
Event: 0.116 GC heap after
{Heap after GC invocations=2 (full 1):
 garbage-first heap   total 28672K, used 3972K [0x0000000709800000, 0x0000000800000000)
  region size 2048K, 1 young (2048K), 1 survivors (2048K)
 Metaspace       used 2015K, committed 2176K, reserved 1114112K
  class space    used 185K, committed 256K, reserved 1048576K
}
Event: 0.125 GC heap before
{Heap before GC invocations=2 (full 1):
 garbage-first heap   total 28672K, used 10116K [0x0000000709800000, 0x0000000800000000)
  region size 2048K, 4 young (8192K), 1 survivors (2048K)
 Metaspace       used 2027K, committed 2176K, reserved 1114112K
  class space    used 185K, committed 256K, reserved 1048576K
}
Event: 0.126 GC heap after
{Heap after GC invocations=3 (full 1):
 garbage-first heap   total 28672K, used 4580K [0x0000000709800000, 0x0000000800000000)
  region size 2048K, 1 young (2048K), 1 survivors (2048K)
 Metaspace       used 2027K, committed 2176K, reserved 1114112K
  class space    used 185K, committed 256K, reserved 1048576K
}
Event: 0.137 GC heap before
{Heap before GC invocations=3 (full 1):
 garbage-first heap   total 28672K, used 10724K [0x0000000709800000, 0x0000000800000000)
  region size 2048K, 4 young (8192K), 1 survivors (2048K)
 Metaspace       used 2033K, committed 2240K, reserved 1114112K
  class space    used 185K, committed 256K, reserved 1048576K
}
Event: 0.140 GC heap after
{Heap after GC invocations=4 (full 1):
 garbage-first heap   total 28672K, used 5365K [0x0000000709800000, 0x0000000800000000)
  region size 2048K, 1 young (2048K), 1 survivors (2048K)
 Metaspace       used 2033K, committed 2240K, reserved 1114112K
  class space    used 185K, committed 256K, reserved 1048576K
}
Event: 0.148 GC heap before
{Heap before GC invocations=4 (full 1):
 garbage-first heap   total 28672K, used 11509K [0x0000000709800000, 0x0000000800000000)
  region size 2048K, 4 young (8192K), 1 survivors (2048K)
 Metaspace       used 2046K, committed 2240K, reserved 1114112K
  class space    used 185K, committed 256K, reserved 1048576K
}
Event: 0.150 GC heap after
{Heap after GC invocations=5 (full 1):
 garbage-first heap   total 141312K, used 6081K [0x0000000709800000, 0x0000000800000000)
  region size 2048K, 1 young (2048K), 1 survivors (2048K)
 Metaspace       used 2046K, committed 2240K, reserved 1114112K
  class space    used 185K, committed 256K, reserved 1048576K
}
Event: 0.171 GC heap before
{Heap before GC invocations=5 (full 1):
 garbage-first heap   total 141312K, used 12225K [0x0000000709800000, 0x0000000800000000)
  region size 2048K, 5 young (10240K), 1 survivors (2048K)
 Metaspace       used 2109K, committed 2304K, reserved 1114112K
  class space    used 187K, committed 256K, reserved 1048576K
}
Event: 0.177 GC heap after
{Heap after GC invocations=6 (full 2):
 garbage-first heap   total 34816K, used 6956K [0x0000000709800000, 0x0000000800000000)
  region size 2048K, 0 young (0K), 0 survivors (0K)
 Metaspace       used 2109K, committed 2304K, reserved 1114112K
  class space    used 187K, committed 256K, reserved 1048576K
}
Event: 0.412 GC heap before
{Heap before GC invocations=6 (full 2):
 garbage-first heap   total 34816K, used 17196K [0x0000000709800000, 0x0000000800000000)
  region size 2048K, 6 young (12288K), 0 survivors (0K)
 Metaspace       used 11543K, committed 11840K, reserved 1114112K
  class space    used 1275K, committed 1408K, reserved 1048576K
}
Event: 0.414 GC heap after
{Heap after GC invocations=7 (full 2):
 garbage-first heap   total 34816K, used 9691K [0x0000000709800000, 0x0000000800000000)
  region size 2048K, 1 young (2048K), 1 survivors (2048K)
 Metaspace       used 11543K, committed 11840K, reserved 1114112K
  class space    used 1275K, committed 1408K, reserved 1048576K
}
Event: 0.421 GC heap before
{Heap before GC invocations=7 (full 2):
 garbage-first heap   total 34816K, used 9691K [0x0000000709800000, 0x0000000800000000)
  region size 2048K, 2 young (4096K), 1 survivors (2048K)
 Metaspace       used 11667K, committed 11904K, reserved 1114112K
  class space    used 1292K, committed 1408K, reserved 1048576K
}
Event: 0.434 GC heap after
{Heap after GC invocations=8 (full 3):
 garbage-first heap   total 34816K, used 9655K [0x0000000709800000, 0x0000000800000000)
  region size 2048K, 0 young (0K), 0 survivors (0K)
 Metaspace       used 11667K, committed 11904K, reserved 1114112K
  class space    used 1292K, committed 1408K, reserved 1048576K
}
Event: 0.560 GC heap before
{Heap before GC invocations=8 (full 3):
 garbage-first heap   total 34816K, used 17847K [0x0000000709800000, 0x0000000800000000)
  region size 2048K, 5 young (10240K), 0 survivors (0K)
 Metaspace       used 15728K, committed 15936K, reserved 1114112K
  class space    used 1729K, committed 1792K, reserved 1048576K
}
Event: 0.561 GC heap after
{Heap after GC invocations=9 (full 3):
 garbage-first heap   total 34816K, used 10977K [0x0000000709800000, 0x0000000800000000)
  region size 2048K, 1 young (2048K), 1 survivors (2048K)
 Metaspace       used 15728K, committed 15936K, reserved 1114112K
  class space    used 1729K, committed 1792K, reserved 1048576K
}
Event: 0.692 GC heap before
{Heap before GC invocations=9 (full 3):
 garbage-first heap   total 34816K, used 19169K [0x0000000709800000, 0x0000000800000000)
  region size 2048K, 5 young (10240K), 1 survivors (2048K)
 Metaspace       used 18796K, committed 19072K, reserved 1114112K
  class space    used 2078K, committed 2176K, reserved 1048576K
}
Event: 0.693 GC heap after
{Heap after GC invocations=10 (full 3):
 garbage-first heap   total 34816K, used 11793K [0x0000000709800000, 0x0000000800000000)
  region size 2048K, 1 young (2048K), 1 survivors (2048K)
 Metaspace       used 18796K, committed 19072K, reserved 1114112K
  class space    used 2078K, committed 2176K, reserved 1048576K
}
Event: 0.732 GC heap before
{Heap before GC invocations=10 (full 3):
 garbage-first heap   total 34816K, used 19985K [0x0000000709800000, 0x0000000800000000)
  region size 2048K, 5 young (10240K), 1 survivors (2048K)
 Metaspace       used 19293K, committed 19520K, reserved 1114112K
  class space    used 2148K, committed 2240K, reserved 1048576K
}
Event: 0.734 GC heap after
{Heap after GC invocations=11 (full 3):
 garbage-first heap   total 145408K, used 12728K [0x0000000709800000, 0x0000000800000000)
  region size 2048K, 1 young (2048K), 1 survivors (2048K)
 Metaspace       used 19293K, committed 19520K, reserved 1114112K
  class space    used 2148K, committed 2240K, reserved 1048576K
}

